<?xml version="1.0" encoding="UTF-8"?>
<testng-results skipped="0" failed="0" total="1" passed="1">
  <reporter-output>
  </reporter-output>
  <suite name="Suite" duration-ms="5623" started-at="2017-02-02T11:17:15Z" finished-at="2017-02-02T11:17:21Z">
    <groups>
    </groups>
    <test name="Test" duration-ms="5623" started-at="2017-02-02T11:17:15Z" finished-at="2017-02-02T11:17:21Z">
      <class name="MSX.SeleniumTests">
        <test-method status="PASS" signature="beforeTest()[pri:0, instance:MSX.SeleniumTests@5f375618]" name="beforeTest" is-config="true" duration-ms="2891" started-at="2017-02-02T06:17:15Z" finished-at="2017-02-02T06:17:18Z">
          <reporter-output>
          </reporter-output>
        </test-method> <!-- beforeTest -->
        <test-method status="PASS" signature="max()[pri:0, instance:MSX.SeleniumTests@5f375618]" name="max" duration-ms="2724" started-at="2017-02-02T06:17:18Z" finished-at="2017-02-02T06:17:21Z">
          <reporter-output>
          </reporter-output>
        </test-method> <!-- max -->
        <test-method status="PASS" signature="afterTest()[pri:0, instance:MSX.SeleniumTests@5f375618]" name="afterTest" is-config="true" duration-ms="0" started-at="2017-02-02T06:17:21Z" finished-at="2017-02-02T06:17:21Z">
          <reporter-output>
          </reporter-output>
        </test-method> <!-- afterTest -->
      </class> <!-- MSX.SeleniumTests -->
    </test> <!-- Test -->
  </suite> <!-- Suite -->
</testng-results>
